<?xml version="1.0" encoding="UTF-8"?>
<Site BuildName="(empty)"
	BuildStamp="20230529-0157-Experimental"
	Name="(empty)"
	Generator="ctest-3.26.3"
	CompilerName=""
	CompilerVersion=""
	OSName="Linux"
	Hostname="somedesktop"
	OSRelease="6.1.29-1-MANJARO"
	OSVersion="#1 SMP PREEMPT_DYNAMIC Wed May 17 14:00:55 UTC 2023"
	OSPlatform="x86_64"
	Is64Bits="1"
	VendorString="AuthenticAMD"
	VendorID="Advanced Micro Devices"
	FamilyID="21"
	ModelID="112"
	ProcessorCacheSize="1024"
	NumberOfLogicalCPU="2"
	NumberOfPhysicalCPU="2"
	TotalVirtualMemory="8362"
	TotalPhysicalMemory="3806"
	LogicalProcessorsPerPhysical="1"
	ProcessorClockFrequency="1996.26"
	>
	<Testing>
		<StartDateTime>May 29 11:57 +10</StartDateTime>
		<StartTestTime>1685325429</StartTestTime>
		<TestList>
			<Test>./GameTests</Test>
		</TestList>
		<Test Status="passed">
			<Name>GameTests</Name>
			<Path>.</Path>
			<FullName>./GameTests</FullName>
			<FullCommandLine>/home/v_s2/Desktop/ComputerGraphicsProject/build/GameTests</FullCommandLine>
			<Results>
				<NamedMeasurement type="numeric/double" name="Execution Time">
					<Value>0.0193203</Value>
				</NamedMeasurement>
				<NamedMeasurement type="numeric/double" name="Processors">
					<Value>1</Value>
				</NamedMeasurement>
				<NamedMeasurement type="text/string" name="Completion Status">
					<Value>Completed</Value>
				</NamedMeasurement>
				<NamedMeasurement type="text/string" name="Command Line">
					<Value>/home/v_s2/Desktop/ComputerGraphicsProject/build/GameTests</Value>
				</NamedMeasurement>
				<NamedMeasurement type="text/string" name="Environment">
					<Value>#CTEST_RESOURCE_GROUP_COUNT=</Value>
				</NamedMeasurement>
				<Measurement>
					<Value encoding="base64" compression="gzip">eJyNkEFPwzAMhe/5FT62hyZsdw6IoR6QxtTCqaqmEEwX1sRV4o6/T0umsSGQ9k7P8Se/2NXovfUdOG19lsN7IAdqRw7VYRuXaoVxzzSoe3LDyBjKoIedNXET6AMNq46o65ExXtgYjOpmt53HSmNEc3tSC9UxcwEzkzKPPo6WUYqmOKmFsqdX3ac++oMN5B36iUUuxuEXfD6z1A6fpyqKBqqXNXyr/XmWNSW3mICkp8e/AchuwMX8iqxEAhPrPhfXbcKoQ/FGn/7yTv/dB4L2ErLlWc70/81dXT+s5gUTK8UXb0SXEQ==</Value>
				</Measurement>
			</Results>
		</Test>
		<EndDateTime>May 29 11:57 +10</EndDateTime>
		<EndTestTime>1685325429</EndTestTime>
		<ElapsedMinutes>0</ElapsedMinutes>
	</Testing>
</Site>
